2014-05-19 00:55:37,634 INFO [org.jasig.cas.util.AutowiringSchedulerFactoryBean] - Starting Quartz Scheduler now
2014-05-19 00:55:38,808 WARN [org.jasig.cas.web.flow.ServiceAuthorizationCheck] - Unauthorized Service Access for Service: [ null ] - service is not defined in the service registry.
2014-05-19 00:55:38,808 WARN [org.jasig.cas.web.flow.ServiceAuthorizationCheck] - Unauthorized Service Access for Service: [ null ] - service is not defined in the service registry.
2014-05-19 00:55:38,826 WARN [org.jasig.cas.web.flow.ServiceAuthorizationCheck] - Unauthorized Service Access for Service: [ null ] - service is not enabled in the service registry.
2014-05-19 00:55:38,826 WARN [org.jasig.cas.web.flow.ServiceAuthorizationCheck] - Unauthorized Service Access for Service: [ null ] - service is not enabled in the service registry.
2014-05-19 00:55:42,382 INFO [org.jasig.cas.services.DefaultServicesManagerImpl] - Loaded 1 services.
2014-05-19 00:55:42,969 WARN [org.jasig.cas.authentication.handler.support.SimpleTestUsernamePasswordAuthenticationHandler] - org.jasig.cas.authentication.handler.support.SimpleTestUsernamePasswordAuthenticationHandler is only to be used in a testing environment.  NEVER enable this in a production environment.
2014-05-19 00:55:45,385 INFO [org.jasig.cas.util.AutowiringSchedulerFactoryBean] - Starting Quartz Scheduler now
2014-05-21 22:58:53,743 INFO [org.jasig.cas.util.AutowiringSchedulerFactoryBean] - Starting Quartz Scheduler now
2014-05-21 22:58:54,597 WARN [org.jasig.cas.web.flow.ServiceAuthorizationCheck] - Unauthorized Service Access for Service: [ null ] - service is not defined in the service registry.
2014-05-21 22:58:54,597 WARN [org.jasig.cas.web.flow.ServiceAuthorizationCheck] - Unauthorized Service Access for Service: [ null ] - service is not defined in the service registry.
2014-05-21 22:58:54,614 WARN [org.jasig.cas.web.flow.ServiceAuthorizationCheck] - Unauthorized Service Access for Service: [ null ] - service is not enabled in the service registry.
2014-05-21 22:58:54,614 WARN [org.jasig.cas.web.flow.ServiceAuthorizationCheck] - Unauthorized Service Access for Service: [ null ] - service is not enabled in the service registry.
2014-05-21 23:04:13,187 INFO [org.jasig.cas.util.AutowiringSchedulerFactoryBean] - Starting Quartz Scheduler now
2014-05-21 23:04:13,443 WARN [org.jasig.cas.web.flow.ServiceAuthorizationCheck] - Unauthorized Service Access for Service: [ null ] - service is not enabled in the service registry.
2014-05-21 23:04:13,443 WARN [org.jasig.cas.web.flow.ServiceAuthorizationCheck] - Unauthorized Service Access for Service: [ null ] - service is not enabled in the service registry.
2014-05-21 23:04:13,444 WARN [org.jasig.cas.web.flow.ServiceAuthorizationCheck] - Unauthorized Service Access for Service: [ null ] - service is not defined in the service registry.
2014-05-21 23:04:13,444 WARN [org.jasig.cas.web.flow.ServiceAuthorizationCheck] - Unauthorized Service Access for Service: [ null ] - service is not defined in the service registry.
2014-05-21 23:08:14,462 INFO [org.jasig.cas.util.AutowiringSchedulerFactoryBean] - Starting Quartz Scheduler now
2014-05-21 23:08:14,702 WARN [org.jasig.cas.web.flow.ServiceAuthorizationCheck] - Unauthorized Service Access for Service: [ null ] - service is not defined in the service registry.
2014-05-21 23:08:14,702 WARN [org.jasig.cas.web.flow.ServiceAuthorizationCheck] - Unauthorized Service Access for Service: [ null ] - service is not defined in the service registry.
2014-05-21 23:08:14,708 WARN [org.jasig.cas.web.flow.ServiceAuthorizationCheck] - Unauthorized Service Access for Service: [ null ] - service is not enabled in the service registry.
2014-05-21 23:08:14,708 WARN [org.jasig.cas.web.flow.ServiceAuthorizationCheck] - Unauthorized Service Access for Service: [ null ] - service is not enabled in the service registry.
2014-05-21 23:08:18,788 INFO [org.jasig.cas.services.DefaultServicesManagerImpl] - Loaded 1 services.
2014-05-21 23:08:24,320 INFO [org.jasig.cas.util.AutowiringSchedulerFactoryBean] - Starting Quartz Scheduler now
2014-05-21 23:10:01,958 INFO [org.jasig.cas.util.AutowiringSchedulerFactoryBean] - Starting Quartz Scheduler now
2014-05-21 23:10:02,214 WARN [org.jasig.cas.web.flow.ServiceAuthorizationCheck] - Unauthorized Service Access for Service: [ null ] - service is not defined in the service registry.
2014-05-21 23:10:02,214 WARN [org.jasig.cas.web.flow.ServiceAuthorizationCheck] - Unauthorized Service Access for Service: [ null ] - service is not defined in the service registry.
2014-05-21 23:10:02,221 WARN [org.jasig.cas.web.flow.ServiceAuthorizationCheck] - Unauthorized Service Access for Service: [ null ] - service is not enabled in the service registry.
2014-05-21 23:10:02,221 WARN [org.jasig.cas.web.flow.ServiceAuthorizationCheck] - Unauthorized Service Access for Service: [ null ] - service is not enabled in the service registry.
2014-05-21 23:10:04,090 INFO [org.jasig.cas.services.DefaultServicesManagerImpl] - Loaded 1 services.
2014-05-21 23:10:06,773 INFO [org.jasig.cas.util.AutowiringSchedulerFactoryBean] - Starting Quartz Scheduler now
2014-05-21 23:30:56,916 INFO [org.jasig.cas.util.AutowiringSchedulerFactoryBean] - Starting Quartz Scheduler now
2014-05-21 23:30:57,195 WARN [org.jasig.cas.web.flow.ServiceAuthorizationCheck] - Unauthorized Service Access for Service: [ null ] - service is not enabled in the service registry.
2014-05-21 23:30:57,195 WARN [org.jasig.cas.web.flow.ServiceAuthorizationCheck] - Unauthorized Service Access for Service: [ null ] - service is not enabled in the service registry.
2014-05-21 23:30:57,197 WARN [org.jasig.cas.web.flow.ServiceAuthorizationCheck] - Unauthorized Service Access for Service: [ null ] - service is not defined in the service registry.
2014-05-21 23:30:57,197 WARN [org.jasig.cas.web.flow.ServiceAuthorizationCheck] - Unauthorized Service Access for Service: [ null ] - service is not defined in the service registry.
2014-05-21 23:30:58,841 INFO [org.jasig.cas.services.DefaultServicesManagerImpl] - Loaded 1 services.
2014-05-21 23:31:01,772 INFO [org.jasig.cas.util.AutowiringSchedulerFactoryBean] - Starting Quartz Scheduler now
2014-05-21 23:39:28,476 INFO [org.jasig.cas.util.AutowiringSchedulerFactoryBean] - Starting Quartz Scheduler now
2014-05-21 23:39:28,695 WARN [org.jasig.cas.web.flow.ServiceAuthorizationCheck] - Unauthorized Service Access for Service: [ null ] - service is not enabled in the service registry.
2014-05-21 23:39:28,695 WARN [org.jasig.cas.web.flow.ServiceAuthorizationCheck] - Unauthorized Service Access for Service: [ null ] - service is not enabled in the service registry.
2014-05-21 23:39:28,697 WARN [org.jasig.cas.web.flow.ServiceAuthorizationCheck] - Unauthorized Service Access for Service: [ null ] - service is not defined in the service registry.
2014-05-21 23:39:28,697 WARN [org.jasig.cas.web.flow.ServiceAuthorizationCheck] - Unauthorized Service Access for Service: [ null ] - service is not defined in the service registry.
2014-05-21 23:39:30,303 INFO [org.jasig.cas.services.DefaultServicesManagerImpl] - Loaded 1 services.
2014-05-21 23:39:33,081 INFO [org.jasig.cas.util.AutowiringSchedulerFactoryBean] - Starting Quartz Scheduler now
2014-05-22 00:56:02,172 INFO [org.jasig.cas.util.AutowiringSchedulerFactoryBean] - Starting Quartz Scheduler now
2014-05-22 00:56:03,088 WARN [org.jasig.cas.web.flow.ServiceAuthorizationCheck] - Unauthorized Service Access for Service: [ null ] - service is not enabled in the service registry.
2014-05-22 00:56:03,088 WARN [org.jasig.cas.web.flow.ServiceAuthorizationCheck] - Unauthorized Service Access for Service: [ null ] - service is not enabled in the service registry.
2014-05-22 00:56:03,089 WARN [org.jasig.cas.web.flow.ServiceAuthorizationCheck] - Unauthorized Service Access for Service: [ null ] - service is not defined in the service registry.
2014-05-22 00:56:03,089 WARN [org.jasig.cas.web.flow.ServiceAuthorizationCheck] - Unauthorized Service Access for Service: [ null ] - service is not defined in the service registry.
2014-05-22 00:56:04,918 INFO [org.jasig.cas.services.DefaultServicesManagerImpl] - Loaded 1 services.
2014-05-22 00:56:07,405 INFO [org.jasig.cas.util.AutowiringSchedulerFactoryBean] - Starting Quartz Scheduler now
2014-05-22 01:32:12,953 INFO [org.jasig.cas.util.AutowiringSchedulerFactoryBean] - Starting Quartz Scheduler now
2014-05-22 01:32:13,170 WARN [org.jasig.cas.web.flow.ServiceAuthorizationCheck] - Unauthorized Service Access for Service: [ null ] - service is not enabled in the service registry.
2014-05-22 01:32:13,170 WARN [org.jasig.cas.web.flow.ServiceAuthorizationCheck] - Unauthorized Service Access for Service: [ null ] - service is not enabled in the service registry.
2014-05-22 01:32:13,171 WARN [org.jasig.cas.web.flow.ServiceAuthorizationCheck] - Unauthorized Service Access for Service: [ null ] - service is not defined in the service registry.
2014-05-22 01:32:13,171 WARN [org.jasig.cas.web.flow.ServiceAuthorizationCheck] - Unauthorized Service Access for Service: [ null ] - service is not defined in the service registry.
2014-05-22 01:32:14,632 INFO [org.jasig.cas.services.DefaultServicesManagerImpl] - Loaded 1 services.
2014-05-22 01:32:14,980 WARN [org.jasig.cas.authentication.handler.support.SimpleTestUsernamePasswordAuthenticationHandler] - org.jasig.cas.authentication.handler.support.SimpleTestUsernamePasswordAuthenticationHandler is only to be used in a testing environment.  NEVER enable this in a production environment.
2014-05-22 01:32:16,935 INFO [org.jasig.cas.util.AutowiringSchedulerFactoryBean] - Starting Quartz Scheduler now
2014-05-22 01:37:13,711 INFO [org.jasig.cas.util.AutowiringSchedulerFactoryBean] - Starting Quartz Scheduler now
2014-05-22 01:37:13,921 WARN [org.jasig.cas.web.flow.ServiceAuthorizationCheck] - Unauthorized Service Access for Service: [ null ] - service is not enabled in the service registry.
2014-05-22 01:37:13,921 WARN [org.jasig.cas.web.flow.ServiceAuthorizationCheck] - Unauthorized Service Access for Service: [ null ] - service is not enabled in the service registry.
2014-05-22 01:37:13,922 WARN [org.jasig.cas.web.flow.ServiceAuthorizationCheck] - Unauthorized Service Access for Service: [ null ] - service is not defined in the service registry.
2014-05-22 01:37:13,922 WARN [org.jasig.cas.web.flow.ServiceAuthorizationCheck] - Unauthorized Service Access for Service: [ null ] - service is not defined in the service registry.
2014-05-22 01:37:15,336 INFO [org.jasig.cas.services.DefaultServicesManagerImpl] - Loaded 1 services.
2014-05-22 01:37:15,670 WARN [org.jasig.cas.authentication.handler.support.SimpleTestUsernamePasswordAuthenticationHandler] - org.jasig.cas.authentication.handler.support.SimpleTestUsernamePasswordAuthenticationHandler is only to be used in a testing environment.  NEVER enable this in a production environment.
2014-05-22 01:37:17,915 INFO [org.jasig.cas.util.AutowiringSchedulerFactoryBean] - Starting Quartz Scheduler now
2014-05-25 11:48:50,138 INFO [org.jasig.cas.util.AutowiringSchedulerFactoryBean] - Starting Quartz Scheduler now
2014-05-25 11:48:51,658 WARN [org.jasig.cas.web.flow.ServiceAuthorizationCheck] - Unauthorized Service Access for Service: [ null ] - service is not defined in the service registry.
2014-05-25 11:48:51,658 WARN [org.jasig.cas.web.flow.ServiceAuthorizationCheck] - Unauthorized Service Access for Service: [ null ] - service is not defined in the service registry.
2014-05-25 11:48:51,698 WARN [org.jasig.cas.web.flow.ServiceAuthorizationCheck] - Unauthorized Service Access for Service: [ null ] - service is not enabled in the service registry.
2014-05-25 11:48:51,698 WARN [org.jasig.cas.web.flow.ServiceAuthorizationCheck] - Unauthorized Service Access for Service: [ null ] - service is not enabled in the service registry.
2014-05-25 11:48:56,452 INFO [org.jasig.cas.services.DefaultServicesManagerImpl] - Loaded 1 services.
2014-05-25 11:49:00,945 INFO [org.jasig.cas.util.AutowiringSchedulerFactoryBean] - Starting Quartz Scheduler now
2014-05-25 12:16:37,058 INFO [org.jasig.cas.util.AutowiringSchedulerFactoryBean] - Starting Quartz Scheduler now
2014-05-25 12:16:37,294 WARN [org.jasig.cas.web.flow.ServiceAuthorizationCheck] - Unauthorized Service Access for Service: [ null ] - service is not defined in the service registry.
2014-05-25 12:16:37,294 WARN [org.jasig.cas.web.flow.ServiceAuthorizationCheck] - Unauthorized Service Access for Service: [ null ] - service is not defined in the service registry.
2014-05-25 12:16:37,300 WARN [org.jasig.cas.web.flow.ServiceAuthorizationCheck] - Unauthorized Service Access for Service: [ null ] - service is not enabled in the service registry.
2014-05-25 12:16:37,300 WARN [org.jasig.cas.web.flow.ServiceAuthorizationCheck] - Unauthorized Service Access for Service: [ null ] - service is not enabled in the service registry.
2014-05-25 12:16:38,832 INFO [org.jasig.cas.services.DefaultServicesManagerImpl] - Loaded 1 services.
2014-05-25 12:16:41,406 INFO [org.jasig.cas.util.AutowiringSchedulerFactoryBean] - Starting Quartz Scheduler now
2014-05-27 19:44:16,055 INFO [org.jasig.cas.util.AutowiringSchedulerFactoryBean] - Starting Quartz Scheduler now
2014-05-27 19:44:17,900 WARN [org.jasig.cas.web.flow.ServiceAuthorizationCheck] - Unauthorized Service Access for Service: [ null ] - service is not enabled in the service registry.
2014-05-27 19:44:17,900 WARN [org.jasig.cas.web.flow.ServiceAuthorizationCheck] - Unauthorized Service Access for Service: [ null ] - service is not enabled in the service registry.
2014-05-27 19:44:17,905 WARN [org.jasig.cas.web.flow.ServiceAuthorizationCheck] - Unauthorized Service Access for Service: [ null ] - service is not defined in the service registry.
2014-05-27 19:44:17,905 WARN [org.jasig.cas.web.flow.ServiceAuthorizationCheck] - Unauthorized Service Access for Service: [ null ] - service is not defined in the service registry.
2014-05-27 19:44:24,756 INFO [org.jasig.cas.services.DefaultServicesManagerImpl] - Loaded 1 services.
2014-05-27 19:44:32,279 INFO [org.jasig.cas.util.AutowiringSchedulerFactoryBean] - Starting Quartz Scheduler now
2014-05-28 19:16:00,808 INFO [org.jasig.cas.util.AutowiringSchedulerFactoryBean] - Starting Quartz Scheduler now
2014-05-28 19:16:05,506 WARN [org.jasig.cas.web.flow.ServiceAuthorizationCheck] - Unauthorized Service Access for Service: [ null ] - service is not defined in the service registry.
2014-05-28 19:16:05,506 WARN [org.jasig.cas.web.flow.ServiceAuthorizationCheck] - Unauthorized Service Access for Service: [ null ] - service is not defined in the service registry.
2014-05-28 19:16:05,606 WARN [org.jasig.cas.web.flow.ServiceAuthorizationCheck] - Unauthorized Service Access for Service: [ null ] - service is not enabled in the service registry.
2014-05-28 19:16:05,606 WARN [org.jasig.cas.web.flow.ServiceAuthorizationCheck] - Unauthorized Service Access for Service: [ null ] - service is not enabled in the service registry.
2014-05-28 19:16:14,135 INFO [org.jasig.cas.services.DefaultServicesManagerImpl] - Loaded 1 services.
2014-05-28 19:16:20,261 INFO [org.jasig.cas.ticket.registry.support.DefaultTicketRegistryCleaner] - Beginning ticket cleanup.
2014-05-28 19:16:20,263 INFO [org.jasig.cas.ticket.registry.support.DefaultTicketRegistryCleaner] - 0 tickets found to be removed.
2014-05-28 19:16:20,263 INFO [org.jasig.cas.ticket.registry.support.DefaultTicketRegistryCleaner] - Finished ticket cleanup.
2014-05-28 19:16:22,111 INFO [org.jasig.cas.util.AutowiringSchedulerFactoryBean] - Starting Quartz Scheduler now
2014-06-18 17:40:28,290 INFO [org.jasig.cas.util.AutowiringSchedulerFactoryBean] - Starting Quartz Scheduler now
2014-06-18 17:40:29,231 WARN [org.jasig.cas.web.flow.ServiceAuthorizationCheck] - Unauthorized Service Access for Service: [ null ] - service is not defined in the service registry.
2014-06-18 17:40:29,231 WARN [org.jasig.cas.web.flow.ServiceAuthorizationCheck] - Unauthorized Service Access for Service: [ null ] - service is not defined in the service registry.
2014-06-18 17:40:29,250 WARN [org.jasig.cas.web.flow.ServiceAuthorizationCheck] - Unauthorized Service Access for Service: [ null ] - service is not enabled in the service registry.
2014-06-18 17:40:29,250 WARN [org.jasig.cas.web.flow.ServiceAuthorizationCheck] - Unauthorized Service Access for Service: [ null ] - service is not enabled in the service registry.
2014-06-18 17:40:32,570 INFO [org.jasig.cas.services.DefaultServicesManagerImpl] - Loaded 1 services.
2014-06-18 17:40:38,183 INFO [org.jasig.cas.util.AutowiringSchedulerFactoryBean] - Starting Quartz Scheduler now
2014-06-18 17:43:21,680 INFO [org.jasig.cas.util.AutowiringSchedulerFactoryBean] - Starting Quartz Scheduler now
2014-06-18 17:43:22,019 WARN [org.jasig.cas.web.flow.ServiceAuthorizationCheck] - Unauthorized Service Access for Service: [ null ] - service is not defined in the service registry.
2014-06-18 17:43:22,019 WARN [org.jasig.cas.web.flow.ServiceAuthorizationCheck] - Unauthorized Service Access for Service: [ null ] - service is not defined in the service registry.
2014-06-18 17:43:22,030 WARN [org.jasig.cas.web.flow.ServiceAuthorizationCheck] - Unauthorized Service Access for Service: [ null ] - service is not enabled in the service registry.
2014-06-18 17:43:22,030 WARN [org.jasig.cas.web.flow.ServiceAuthorizationCheck] - Unauthorized Service Access for Service: [ null ] - service is not enabled in the service registry.
2014-06-18 17:43:24,795 INFO [org.jasig.cas.services.DefaultServicesManagerImpl] - Loaded 1 services.
2014-06-18 17:43:29,393 INFO [org.jasig.cas.util.AutowiringSchedulerFactoryBean] - Starting Quartz Scheduler now
2014-06-18 17:44:28,125 INFO [org.jasig.cas.util.AutowiringSchedulerFactoryBean] - Starting Quartz Scheduler now
2014-06-18 17:44:28,539 WARN [org.jasig.cas.web.flow.ServiceAuthorizationCheck] - Unauthorized Service Access for Service: [ null ] - service is not defined in the service registry.
2014-06-18 17:44:28,539 WARN [org.jasig.cas.web.flow.ServiceAuthorizationCheck] - Unauthorized Service Access for Service: [ null ] - service is not defined in the service registry.
2014-06-18 17:44:28,549 WARN [org.jasig.cas.web.flow.ServiceAuthorizationCheck] - Unauthorized Service Access for Service: [ null ] - service is not enabled in the service registry.
2014-06-18 17:44:28,549 WARN [org.jasig.cas.web.flow.ServiceAuthorizationCheck] - Unauthorized Service Access for Service: [ null ] - service is not enabled in the service registry.
2014-06-18 17:44:32,196 INFO [org.jasig.cas.services.DefaultServicesManagerImpl] - Loaded 1 services.
2014-06-18 17:44:36,616 INFO [org.jasig.cas.util.AutowiringSchedulerFactoryBean] - Starting Quartz Scheduler now
2014-06-18 17:45:41,587 INFO [org.jasig.cas.util.AutowiringSchedulerFactoryBean] - Starting Quartz Scheduler now
2014-06-18 17:45:41,916 WARN [org.jasig.cas.web.flow.ServiceAuthorizationCheck] - Unauthorized Service Access for Service: [ null ] - service is not enabled in the service registry.
2014-06-18 17:45:41,916 WARN [org.jasig.cas.web.flow.ServiceAuthorizationCheck] - Unauthorized Service Access for Service: [ null ] - service is not enabled in the service registry.
2014-06-18 17:45:41,918 WARN [org.jasig.cas.web.flow.ServiceAuthorizationCheck] - Unauthorized Service Access for Service: [ null ] - service is not defined in the service registry.
2014-06-18 17:45:41,918 WARN [org.jasig.cas.web.flow.ServiceAuthorizationCheck] - Unauthorized Service Access for Service: [ null ] - service is not defined in the service registry.
2014-06-18 17:45:44,326 INFO [org.jasig.cas.services.DefaultServicesManagerImpl] - Loaded 1 services.
2014-06-18 17:45:48,787 INFO [org.jasig.cas.util.AutowiringSchedulerFactoryBean] - Starting Quartz Scheduler now
2014-06-18 19:30:25,397 INFO [org.jasig.cas.util.AutowiringSchedulerFactoryBean] - Starting Quartz Scheduler now
2014-06-18 19:30:26,204 WARN [org.jasig.cas.web.flow.ServiceAuthorizationCheck] - Unauthorized Service Access for Service: [ null ] - service is not enabled in the service registry.
2014-06-18 19:30:26,204 WARN [org.jasig.cas.web.flow.ServiceAuthorizationCheck] - Unauthorized Service Access for Service: [ null ] - service is not enabled in the service registry.
2014-06-18 19:30:26,207 WARN [org.jasig.cas.web.flow.ServiceAuthorizationCheck] - Unauthorized Service Access for Service: [ null ] - service is not defined in the service registry.
2014-06-18 19:30:26,207 WARN [org.jasig.cas.web.flow.ServiceAuthorizationCheck] - Unauthorized Service Access for Service: [ null ] - service is not defined in the service registry.
2014-06-18 19:30:30,272 INFO [org.jasig.cas.services.DefaultServicesManagerImpl] - Loaded 1 services.
2014-06-18 19:30:35,437 INFO [org.jasig.cas.util.AutowiringSchedulerFactoryBean] - Starting Quartz Scheduler now
2014-06-18 19:54:03,700 INFO [org.jasig.cas.util.AutowiringSchedulerFactoryBean] - Starting Quartz Scheduler now
2014-06-18 19:54:03,700 INFO [org.jasig.cas.util.AutowiringSchedulerFactoryBean] - Starting Quartz Scheduler now
2014-06-18 19:54:04,411 WARN [org.jasig.cas.web.flow.ServiceAuthorizationCheck] - Unauthorized Service Access for Service: [ null ] - service is not defined in the service registry.
2014-06-18 19:54:04,411 WARN [org.jasig.cas.web.flow.ServiceAuthorizationCheck] - Unauthorized Service Access for Service: [ null ] - service is not defined in the service registry.
2014-06-18 19:54:04,436 WARN [org.jasig.cas.web.flow.ServiceAuthorizationCheck] - Unauthorized Service Access for Service: [ null ] - service is not enabled in the service registry.
2014-06-18 19:54:04,436 WARN [org.jasig.cas.web.flow.ServiceAuthorizationCheck] - Unauthorized Service Access for Service: [ null ] - service is not enabled in the service registry.
2014-06-18 19:54:04,442 WARN [org.jasig.cas.web.flow.ServiceAuthorizationCheck] - Unauthorized Service Access for Service: [ null ] - service is not enabled in the service registry.
2014-06-18 19:54:04,442 WARN [org.jasig.cas.web.flow.ServiceAuthorizationCheck] - Unauthorized Service Access for Service: [ null ] - service is not enabled in the service registry.
2014-06-18 19:54:04,446 WARN [org.jasig.cas.web.flow.ServiceAuthorizationCheck] - Unauthorized Service Access for Service: [ null ] - service is not defined in the service registry.
2014-06-18 19:54:04,446 WARN [org.jasig.cas.web.flow.ServiceAuthorizationCheck] - Unauthorized Service Access for Service: [ null ] - service is not defined in the service registry.
2014-06-18 19:54:09,096 INFO [org.jasig.cas.services.DefaultServicesManagerImpl] - Loaded 1 services.
2014-06-18 19:54:09,100 INFO [org.jasig.cas.services.DefaultServicesManagerImpl] - Loaded 1 services.
2014-06-18 19:54:19,225 INFO [org.jasig.cas.util.AutowiringSchedulerFactoryBean] - Starting Quartz Scheduler now
2014-06-18 19:54:19,236 INFO [org.jasig.cas.util.AutowiringSchedulerFactoryBean] - Starting Quartz Scheduler now
2014-06-18 19:56:09,441 INFO [org.jasig.cas.util.AutowiringSchedulerFactoryBean] - Starting Quartz Scheduler now
2014-06-18 19:56:09,795 WARN [org.jasig.cas.web.flow.ServiceAuthorizationCheck] - Unauthorized Service Access for Service: [ null ] - service is not enabled in the service registry.
2014-06-18 19:56:09,795 WARN [org.jasig.cas.web.flow.ServiceAuthorizationCheck] - Unauthorized Service Access for Service: [ null ] - service is not enabled in the service registry.
2014-06-18 19:56:09,798 WARN [org.jasig.cas.web.flow.ServiceAuthorizationCheck] - Unauthorized Service Access for Service: [ null ] - service is not defined in the service registry.
2014-06-18 19:56:09,798 WARN [org.jasig.cas.web.flow.ServiceAuthorizationCheck] - Unauthorized Service Access for Service: [ null ] - service is not defined in the service registry.
2014-06-18 19:56:12,180 INFO [org.jasig.cas.services.DefaultServicesManagerImpl] - Loaded 1 services.
2014-06-18 19:56:16,484 INFO [org.jasig.cas.util.AutowiringSchedulerFactoryBean] - Starting Quartz Scheduler now
2014-06-18 19:59:45,503 INFO [org.jasig.cas.util.AutowiringSchedulerFactoryBean] - Starting Quartz Scheduler now
2014-06-18 19:59:45,877 WARN [org.jasig.cas.web.flow.ServiceAuthorizationCheck] - Unauthorized Service Access for Service: [ null ] - service is not enabled in the service registry.
2014-06-18 19:59:45,877 WARN [org.jasig.cas.web.flow.ServiceAuthorizationCheck] - Unauthorized Service Access for Service: [ null ] - service is not enabled in the service registry.
2014-06-18 19:59:45,879 WARN [org.jasig.cas.web.flow.ServiceAuthorizationCheck] - Unauthorized Service Access for Service: [ null ] - service is not defined in the service registry.
2014-06-18 19:59:45,879 WARN [org.jasig.cas.web.flow.ServiceAuthorizationCheck] - Unauthorized Service Access for Service: [ null ] - service is not defined in the service registry.
2014-06-18 19:59:48,309 INFO [org.jasig.cas.services.DefaultServicesManagerImpl] - Loaded 1 services.
2014-06-18 19:59:53,333 INFO [org.jasig.cas.util.AutowiringSchedulerFactoryBean] - Starting Quartz Scheduler now
2014-06-18 20:13:55,067 INFO [org.jasig.cas.util.AutowiringSchedulerFactoryBean] - Starting Quartz Scheduler now
2014-06-18 20:13:55,459 WARN [org.jasig.cas.web.flow.ServiceAuthorizationCheck] - Unauthorized Service Access for Service: [ null ] - service is not enabled in the service registry.
2014-06-18 20:13:55,459 WARN [org.jasig.cas.web.flow.ServiceAuthorizationCheck] - Unauthorized Service Access for Service: [ null ] - service is not enabled in the service registry.
2014-06-18 20:13:55,462 WARN [org.jasig.cas.web.flow.ServiceAuthorizationCheck] - Unauthorized Service Access for Service: [ null ] - service is not defined in the service registry.
2014-06-18 20:13:55,462 WARN [org.jasig.cas.web.flow.ServiceAuthorizationCheck] - Unauthorized Service Access for Service: [ null ] - service is not defined in the service registry.
2014-06-18 20:13:58,089 INFO [org.jasig.cas.services.DefaultServicesManagerImpl] - Loaded 1 services.
2014-06-18 20:14:02,536 INFO [org.jasig.cas.util.AutowiringSchedulerFactoryBean] - Starting Quartz Scheduler now
2014-06-19 13:57:08,016 INFO [org.jasig.cas.util.AutowiringSchedulerFactoryBean] - Starting Quartz Scheduler now
2014-06-19 13:57:08,355 WARN [org.jasig.cas.web.flow.ServiceAuthorizationCheck] - Unauthorized Service Access for Service: [ null ] - service is not defined in the service registry.
2014-06-19 13:57:08,355 WARN [org.jasig.cas.web.flow.ServiceAuthorizationCheck] - Unauthorized Service Access for Service: [ null ] - service is not defined in the service registry.
2014-06-19 13:57:08,368 WARN [org.jasig.cas.web.flow.ServiceAuthorizationCheck] - Unauthorized Service Access for Service: [ null ] - service is not enabled in the service registry.
2014-06-19 13:57:08,368 WARN [org.jasig.cas.web.flow.ServiceAuthorizationCheck] - Unauthorized Service Access for Service: [ null ] - service is not enabled in the service registry.
2014-06-19 13:57:11,335 INFO [org.jasig.cas.services.DefaultServicesManagerImpl] - Loaded 1 services.
2014-06-19 13:57:18,585 INFO [org.jasig.cas.util.AutowiringSchedulerFactoryBean] - Starting Quartz Scheduler now
